[5724:15372:1016/165315:INFO:AppRunner.cpp(611)] Begin run process geeplayer, -runfrom openimage "C:\Users\foamf\Documents\Github\new-personal\src\favicon.ico", mainplugin is mainPlugin
[5724:15372:1016/165315:INFO:AppRunner.cpp(617)] ProductName is GeePlayer1
[5724:15372:1016/165315:INFO:ChannelManager.cpp(1219)] create connection thread
[5724:15372:1016/165315:INFO:AppRunner.cpp(661)] apppluginbase version is 5.1.3.13
[5724:15372:1016/165315:INFO:UIlib.cpp(192)] quilib: version is 5.1.3.9
[5724:15372:1016/165315:INFO:serviceManager.cpp(508)] mainprocessisrunning key is set as 1
[5724:15372:1016/165315:INFO:serviceManager.cpp(629)] create local service plugin PluginServerStatePlugin
[5724:15372:1016/165315:INFO:serviceManager.cpp(687)] plugin PluginServerStatePlugin DoPluginInit
[5724:15372:1016/165315:INFO:serviceManager.cpp(1272)] repository parse over
[5724:15372:1016/165315:INFO:DomainManager.cpp(244)] create global domain channel list::QyClient.exe
[5724:15372:1016/165315:INFO:ChannelManager.cpp(504)] create list::QyClient.exe:: process object
[5724:15372:1016/165315:INFO:LpcProcess.cpp(242)] create default channel GeePlayer1::geeplayer.exe::::list::QyClient.exe::::
[5724:15372:1016/165316:INFO:UIManager.cpp(383)] quilib:call set resouce path, path is c:\program files (x86)\iqiyi video\geeplayer\3.0.40.3591\skin
[5724:15372:1016/165316:INFO:UIMarkup.cpp(395)] quilib:Open Resource failed, Path is c:\program files (x86)\iqiyi video\geeplayer\3.0.40.3591\skin\StyleTable.xml, last error is2
[5724:15372:1016/165316:INFO:UIDlgBuilder.cpp(512)] quilib:create root control failed
[5724:15372:1016/165316:INFO:UIDlgBuilder.cpp(512)] quilib:create root control failed
[5724:15372:1016/165317:INFO:UIDlgBuilder.cpp(512)] quilib:create root control failed
[5724:15372:1016/165317:INFO:UIDlgBuilder.cpp(512)] quilib:create root control failed
[5724:15372:1016/165317:INFO:UIDlgBuilder.cpp(512)] quilib:create root control failed
[5724:15372:1016/165317:INFO:UIDlgBuilder.cpp(512)] quilib:create root control failed
[5724:15372:1016/165320:INFO:AppRunner.cpp(720)] loop exit geeplayer call main plugin DestoryPluginEntry
[5724:15372:1016/165320:INFO:PluginDevelopAssistant.cpp(115)] real plugin mainPlugin call DestroyPlugin
[5724:15372:1016/165320:INFO:IPlugin.cpp(31)] destruct plugin mainPlugin
[5724:15372:1016/165320:INFO:serviceManager.cpp(1353)] mainPlugin plugin had destroy by DestructPlugin
[5724:15372:1016/165320:INFO:serviceManager.cpp(1906)] DestructManager begin
[5724:15372:1016/165320:INFO:IPlugin.cpp(31)] destruct plugin PluginServerStatePlugin
[5724:15372:1016/165320:INFO:PluginDevelopAssistant.cpp(295)] real plugin PluginServerStatePlugin call DestroyPlugin
[5724:15372:1016/165320:INFO:serviceManager.cpp(1353)] PluginServerStatePlugin plugin had destroy by DestructPlugin
[5724:15372:1016/165320:INFO:serviceManager.cpp(1759)] DeleteLeftPlugins begin
[5724:15372:1016/165320:INFO:serviceManager.cpp(1822)] DeleteLeftPlugins end
[5724:15372:1016/165320:INFO:serviceManager.cpp(508)] mainprocessisrunning key is set as 0
[5724:15372:1016/165320:INFO:AppRunner.cpp(735)] close mutex of process geeplayer
[5724:15372:1016/165320:INFO:AppRunner.cpp(743)] run process geeplayer end
